ID_REQ_LCMD_MONGETMASTERSTATUS
ID_REQ_LCMD_MONGETALARMEXV3
ID_GET_PLZ_LISTE
ID_REQ_KC_GETQUITTIERTEPAKETE
ID_GET_MELDUNGSMERKER
ID_REQ_KC_STORE7D3BPACKET
ID_REQ_KC_DELETEQUITTIERTEPAKETE
ID_REQ_CMD_GETSERVERTIMESTR
ID_REQ_CMD_GETKONTROLLRECHNERSTATS
ID_REQ_LCMD_MONGETREPLIDATAV2
ID_GET_LSTDATA_EXTENDED
ID_REQ_UPDATECLIENTLASTHEARDTIMESTAMPWORKER
ID_REQ_CMD_LOGIN
ID_CLEAN_PAUSE_RESEARCH_TABLES
ID_REQ_GET_MA_DATA
ID_GET_ZUGANGSDATEN
ID_GET_NK_PERMITS
ID_PUT_VERZOEGERUNGSSTATISTIK
ID_SCHREIBE_ALARMVERZOEGERUNGSLOG
ID_REQ_LCMD_MONACCEPTALARMEX
ID_REQ_LCMD_MONQUITTIERUNGPARTEXV2
ID_REQ_LCMD_MONGETALARMWEBCAMLIST
ID_REQ_CMD_CLIENTHEARTBEAT
ID_PRUEFE_AUF_NEUERE_ALARME
ID_REQ_LCMD_MONGETHISTORY
ID_SCHREIBE_KQT_STATISTIK
ID_GET_ABSCHLUSSINFO_VP
ID_GET_ABSCHLUSSINFO_EP
ID_SCHREIBE_ALARMSTANDZEIT
ID_REQ_LCMD_MONQUITTIERUNGCOMPLETE
ID_REFRESH_WORKER_TABLE
ID_GET_AUSLASTUNG
ID_REQ_CMD_GETALSTSTATSV3
ID_GET_TEMPORAERE_INFO
ID_READ_TEXTVORLAGEN
ID_REQ_SENDGENERICSMS
ID_SWITCH_PAUSE_MODE
ID_GET_WC_STATUS
ID_REQ_LCMD_MONPUTALARMONHOLD_AUFTERMIN
ID_REQ_LCMD_MONGETSCHLUESSELDEPOTEX
ID_REQ_LCMD_MONREJECTALARMTIMEOUTEX
ID_REQ_LCMD_MONGETEPN
ID_GET_NUR_FUER_INTERN
ID_DEL_TEMPORAERE_INFO
ID_REQ_LCMD_MONGETKUNDENTEXTSEITEN
ID_REQ_LCMD_MONWRITEKUNDENTEXTSEITE
ID_GET_AUSSTATTUNG
ID_REQ_LCMD_MONGETEP
ID_REQ_LCMD_MONGETALARMONHOLDSUMMARY
ID_REQ_LCMD_MONGETHISTORICALALARM_AN
ID_ACCEPT_RESEARCH
ID_REQ_LCMD_MONRECHERCHEQTNACHTRAG
ID_GET_MELDUNG_STATISTIK
ID_REQ_LCMD_MONQUITTIERUNGHISTORICAL
ID_RECHERCHE_ENDE
ID_REQ_LCMD_MONSEARCHKUNDEEP0
ID_GET_HISTORICALALARM_VN
ID_PUT_TEMPORAERE_INFO
ID_REQ_LCMD_MONGETTPPPUEBERSICHT
ID_REQ_SENDGENERICMAIL
ID_PUT_AUSSTATTUNG
ID_REQ_LCMD_MONPUTEP
ID_DO_CLIENTLOG
ID_GET_PHONEBOOK_NSL
ID_GET_GERAETEPARAMETER
ID_REQ_LCMD_MONPUTALARMONHOLD_TODO
ID_MONGETALARMONHOLDSUMMARY_TODO
ID_REQ_LCMD_MONGETALARMONHOLD_TODO
ID_GET_BEDIENUNG_GERAETEDATEN
ID_REQ_LCMD_MONREJECTALARMEX
ID_REQ_SENDGENERICFAX
ID_GET_GERAETEBESCHREIBUNG
ID_REQ_LCMD_MONGETMITARBEITER
ID_REQ_CMD_GETREPLIKONTROLLE3DATA
ID_REQ_CMD_GETREPLIKONTROLLEDATA
ID_REQ_CMD_GETREPLIKONTROLLE2DATA
ID_REQ_CMD_GETREPLIKONTROLLE4DATA
ID_REQ_CMD_GETREPLIKONTROLLE5DATA
ID_REQ_CMD_GETREPLIKONTROLLE6DATA
ID_REQ_CMD_GETREPLIKONTROLLE8DATA
ID_REQ_LCMD_MONGETALARMONHOLD_AUFTERMIN
ID_REQ_UPDATECLIENTLASTHEARDTIMESTAMPNSLCONTROL
ID_REQ_UPDATECLIENTLASTHEARDTIMESTAMPCRM
ID_REQ_CMD_LOGIN_DATAMON
ID_GET_PRJNR_TABLE_COMPLETE
ID_GET_ALL_MITARBEITER
ID_GET_TERMINPLAN_GRUPPE
ID_LESE_MEMOTEXT
ID_GET_TERMINPLAN
ID_PUT_CRM_PROGRAMM_STATISTIK
ID_REQ_CMD_LOGOUT
ID_REQ_LCMD_MONGETHISTORICALALARM
ID_CHECK_VERTRAGSNUMMER
ID_LESE_VOICESERVICE_FIXTEILE
ID_LESE_VOICESERVICE
ID_GET_NOTIZBUCH
ID_PUT_KDBRIEF_DATA
ID_SCHREIBE_MEMOTEXT
ID_LESE_MEMOAVIA
ID_REQ_CHECK_FIBU_DATEI
ID_REQ_LCMD_MONGETLIFECHECKFEHLTDATEN
ID_REQ_LCMD_MONGETEPFORCALLNUMBER
ID_REQ_LCMD_CRMGETGERAETDATEN
ID_GET_SANCRM_SINGLE
ID_REQ_GET_EPDATA_VIA_EPZUO
ID_REQ_LCMD_MONGETGVL
ID_REQ_LCMD_MONGETVP
ID_REQ_GET_VITAKTANTRAEGE_KVKD_DETAIL
ID_GET_VITAKTANTRAEGE_SUKVKD_FANR
ID_GET_VERTRAGSNUMMER_CALLNUMMER_ZUO
ID_GET_TEMP_INFO
ID_GET_GERAETE_ZUO
ID_GET_KVNR_SUCHE
ID_REQ_LCMD_MONGET_INTERN_ONLY
ID_PUT_KVNR_SUCHE
ID_CHECK_TEMP_INFO
ID_REQ_LCMD_CRMGETCALLNUMMERVERTRAGSNUMMERZUORDNUNG
ID_REQ_MONGETSERVICELOGBUCH
ID_REQ_SEARCH_KUNDEEP
ID_GET_GERAETEARCHIV
ID_GET_ALL_X_GERAETE
ID_REQ_LCMD_MONSEARCHVP
ID_GET_VP_GEWERBLICH
ID_GET_BANKVERBINDUNG
ID_GET_EP_FIRMANSL_2
ID_SCHREIBE_MEMOAVIA
ID_REQ_LCMD_MONPUT_INTERN_ONLY
ID_REQ_LCMD_MONGET_INTERVENTIONSANWEISUNG
ID_REQ_LCMD_MONGET_ALARMVERFOLGUNG
ID_REQ_UPDATECLIENTLASTHEARDTIMESTAMPNSLORGA
ID_REQ_GET_ALARMNR_FOR_VERTRAGNR
ID_REQ_LCMD_MONGET_ANTRAGSNOTIZEN
ID_REQ_LCMD_CRMSEARCHGERAETDATENDS
ID_REQ_SENDGENERICMAIL_HTML
ID_REQ_LCMD_CRMPUTGERAETDATEN
ID_REQ_MONSTORESERVICELOGBUCH
ID_GERAETESTATI_ZAEHLEN
ID_PUT_TEMP_INFO
ID_GET_VITAKTANTRAEGE_SUKVKD_ALL_FANR
ID_REQ_LCMD_MONGET_IBKUSTAT
ID_REQ_LCMD_CRMGETEINGEBAUTESZUBEHOER
ID_REQ_LCMD_MONGETPRJNR
ID_REQ_LCMD_CRMGETSONDERADRESSE
ID_REQ_LCMD_MONGET_EPNK
ID_PUT_BANKVERBINDUNG
ID_REQ_LCMD_MONLOESCHETERMINPLANER
ID_UPDATE_GERAETEZUSTAND
ID_REQ_PUT_VITAKTANTRAEGE
ID_REQ_LCMD_MONGET_IBKUDTSP_SINGLE
ID_REQ_PUT_IBKUDTSP
ID_REQ_LCMD_MONPUT_ANTRAGSNOTIZEN
ID_GET_KUENDIGUNGSGRUND
ID_REQ_LCMD_CRMSTOREKUENDIGUNGSLOGBUCH
ID_SCHREIBE_SERVICERECHERCHELOG
ID_PUT_TERMINPLAN
ID_REQ_LCMD_MONPUTSCHLUESSELDEPOTEX
ID_REQ_LCMD_MONPUT_ALARMVERFOLGUNG
ID_PUT_NUR_FUER_INTERN
ID_REQ_LCMD_MONPUT_INTERVENTIONSANWEISUNG
ID_REQ_LCMD_CRMSCHREIBEAUFTRAGSDATEN
ID_DEL_TEMP_INFO
ID_REQ_GET_PAKETNUMMER
ID_REQ_CREATE_GLS_ATTACHMENT
ID_REQ_LCMD_MONSEARCHGVL
ID_REQ_GET_EPZUO
ID_REQ_INSERT_EPZUO
ID_REQ_LCMD_MONGETAVIAINTERVENTIONSPLAN
ID_SEARCH_AKQUISE
ID_REQ_LCMD_CRMPUTSONDERADRESSE
ID_REQ_COUNT_EPZUO
ID_REQ_LCMD_MONGET_EPAB
ID_REQ_LCMD_MONGET_EPIA
ID_GET_AKQUISE
ID_REQ_LCMD_SEARCH_EP
ID_REQ_LCMD_MONPUT_EPIA
ID_REQ_GET_GERAETE_EP0
ID_REQ_GET_TABLE_INETUSER
ID_REQ_GET_VERTRAGNR
ID_REQ_DELETE_EPZUO
ID_CREATE_EP_RECORD
ID_GET_RUFNRCODE_MERKERZUO
ID_REQ_LCMD_MONGET_KURZINFO
ID_REQ_LCMD_MONPUT_EPAB
ID_REQ_LCMD_MONSETZEPRUEFPLANER
ID_REQ_LCMD_MONPUTVP
ID_REQ_GET_EPDATA_PARTIAL
ID_REQ_LCMD_MONGET_SCHLUESSELDEPOT
ID_REQ_LCMD_MONPUT_SCHLUESSELDEPOT
ID_PUT_AKQUISE
ID_PUT_LOGISTIK_DOKU
ID_LESE_BLOCKLISTE
ID_WERTSUCHE_SINGLE_GLOBAL
ID_GET_EXTENDED_HOTLINE_TABLE_ENTRIES
ID_GET_BANKLASTSCHRIFT
ID_GET_KDBRIEF_ALL
ID_PUT_BANKLASTSCHRIFT
ID_DEL_KDBRIEF
ID_PLZ_GET_ALL_RANGES
ID_GET_CHANGELOG
ID_REQ_GET_ABHOLAUFTRAEGE
ID_REQ_LCMD_CRMGETLISTEOFFENEVERSANDPOSTENEX
ID_DEL_TERMINPLAN
ID_GET_ZUBEHOER
ID_REQ_LCMD_CRMSEARCHKUENDIGUNGSLOGBUCHDS
ID_GET_GERAETEART
ID_SEARCH_KVNUMMER
ID_REQ_UPDATE_EPZUO
ID_GET_EP0_EPZUO
ID_REQ_LCMD_MONPUT_EPNK
ID_REQ_KC_RESETMERKER
ID_SETZE_CHECKWORKER_IN_IDLE
ID_REQ_LCMD_MONGETAVIASONDERTEXT
ID_REQ_LCMD_MONPUTAVIASONDERTEXT
ID_PLZ_GET_LISTE
ID_READ_FAQ_TEXT
ID_GET_RUFNUMMERNCODE_ZUO_ALL
ID_DEL_VITAKTANTRAEGE_WITHOUT_TA
ID_PUT_VP_GEWERBLICH
ID_REQ_LCMD_MONSETZETERMINPLANER
ID_GET_OFFENE_AUFTRAEGE
ID_REQ_DELETE_GLS_ATTACHMENT
ID_REQ_LCMD_MONPUTAVIAINTERVENTIONSPLAN
ID_READ_DOKUSCANSERVICE_LOGBUCH
ID_DELETE_DOKUSCANSERVICE_LOGBUCH
ID_GET_EINMALIG
ID_PUT_EINMALIG
ID_REQ_LESE_ABRECHNUNGS_CONFIG
ID_REQ_LCMD_MONLOESCHEPRUEFPLANER
ID_REQ_GET_WERTSUCHE_SEARCH
ID_GET_LOGISTIK_MANUELL
ID_PUT_LOGISTIK_MANUELL
ID_GET_VPLOGISTIK
ID_SEND_EMAIL_WITH_ATTACHMENTS
ID_REQ_LCMD_CRMGETERGAENZUNGSPARTNERFIRMADATA
ID_REQ_LCMD_MONGET_IBKUDTSP
ID_SEND_FAX_WITH_PK_PERMISSION
ID_REQ_LCMD_MONGETREFERENZBILDEX
ID_REQ_GETALL_KUNDEEP
ID_GET_ABRECHNUNGSRELEVANTE_NOTIZEN
ID_REQ_LCMD_MONPUTMITARBEITER
ID_PUT_NOTIZBUCH
ID_REQ_CMD_GETREPLIKONTROLLE7DATA
ID_REQ_LCMD_MONGETGERAETESTATSEX2
ID_GET_LOGISTIK_DOKU
ID_GET_BVFEHLER_BY_ART
ID_READ_GLS_VERSANDDATEN
ID_SCHREIBE_BLOCKLISTE
ID_REQ_LCMD_MONPUT_KURZINFO
ID_GET_TABLE_RUFNUMMERNCODE
ID_GET_ALL_GERAETEDATA
ID_GET_NEXT_FREE_AKQUISENR
ID_REQ_LCMD_MONGETLAGEPLANEX
ID_REQ_CMD_GETSTATS
ID_PUT_VERTRAGSNUMMER_CALLNUMMER_ZUO
ID_REQ_LCMD_MONPUTGVL
ID_REQ_ADDLICENSEBASIS
ID_REQ_ACTIVATELICENSENSLCONTROL
ID_REQ_GETALLLICENSESNSLCONTROL
ID_GET_TABLE_LEISTUNGSCODE
ID_GET_GERAETE_EP0_NK_INTERVALL
ID_REQ_MONGETEXTENDEDMELDELINIENTEXT
ID_REQ_LCMD_MONSEARCHKUNDEEP1
ID_DEL_GERAETE_ZUO
ID_REQ_GETALLMSGCOUNTER
ID_REQ_GETALLLICENSESNSLORGA
ID_MONGETALARMONHOLDSUMMARY_TODO_NK60
